2025-11-24 03:52:53,147 - train - INFO - Logging to file: ./outputs/teacher/20251124-035253-deit_tiny_distilled_patch16_224-teacher/training.log
2025-11-24 03:52:53,148 - train - INFO - Detected CIFAR-100 dataset. Setting img_size=224, num_classes=100, pretrained=True
2025-11-24 03:52:53,579 - train - INFO - Created model with ImageNet pretrained weights for CIFAR fine-tuning: img_size=224, num_classes=100, pretrained=True
2025-11-24 03:53:05,112 - train - INFO - Train: 0 [   0/391 (  0%)]  Loss:  5.632129 (5.6321)  LR: 1.000e-05
2025-11-24 03:53:15,795 - train - INFO - Train: 0 [  50/391 ( 13%)]  Loss:  1.919339 (3.4191)  LR: 1.000e-05
2025-11-24 03:53:22,908 - train - INFO - Train: 0 [ 100/391 ( 26%)]  Loss:  1.172108 (2.4474)  LR: 1.000e-05
2025-11-24 03:53:30,049 - train - INFO - Train: 0 [ 150/391 ( 38%)]  Loss:  0.743080 (1.9383)  LR: 1.000e-05
2025-11-24 03:53:37,183 - train - INFO - Train: 0 [ 200/391 ( 51%)]  Loss:  0.642564 (1.6210)  LR: 1.000e-05
2025-11-24 03:53:44,379 - train - INFO - Train: 0 [ 250/391 ( 64%)]  Loss:  0.414650 (1.4082)  LR: 1.000e-05
2025-11-24 03:53:51,605 - train - INFO - Train: 0 [ 300/391 ( 77%)]  Loss:  0.467654 (1.2493)  LR: 1.000e-05
2025-11-24 03:53:58,837 - train - INFO - Train: 0 [ 350/391 ( 90%)]  Loss:  0.390746 (1.1295)  LR: 1.000e-05
2025-11-24 03:54:09,416 - train - INFO - Train: 0 [ 390/391 (100%)]  Loss:  0.354335 (1.0509)  LR: 1.000e-05
2025-11-24 03:54:10,317 - train - INFO - Test: [   0/78]  Time: 0.842 (0.842)  Loss:  0.4069 (0.4069)  Acc@1: 90.6250 (90.6250)  Acc@5: 100.0000 (100.0000)
2025-11-24 03:54:13,094 - train - INFO - Test: [  50/78]  Time: 0.053 (0.071)  Loss:  0.2396 (0.3434)  Acc@1: 94.5312 (89.2923)  Acc@5: 100.0000 (99.7396)
2025-11-24 03:54:14,848 - train - INFO - Test: [  78/78]  Time: 0.140 (0.068)  Loss:  0.3099 (0.3406)  Acc@1: 81.2500 (89.4100)  Acc@5: 100.0000 (99.7900)
2025-11-24 03:54:15,753 - train - INFO - Saved best checkpoint at epoch 0 with accuracy 89.4100
2025-11-24 03:54:20,868 - train - INFO - Train: 1 [   0/391 (  0%)]  Loss:  0.320402 (0.3204)  LR: 5.500e-05
2025-11-24 03:54:28,111 - train - INFO - Train: 1 [  50/391 ( 13%)]  Loss:  0.265594 (0.3231)  LR: 5.500e-05
2025-11-24 03:54:35,352 - train - INFO - Train: 1 [ 100/391 ( 26%)]  Loss:  0.208067 (0.2989)  LR: 5.500e-05
2025-11-24 03:54:42,671 - train - INFO - Train: 1 [ 150/391 ( 38%)]  Loss:  0.223943 (0.2776)  LR: 5.500e-05
2025-11-24 03:54:50,023 - train - INFO - Train: 1 [ 200/391 ( 51%)]  Loss:  0.330024 (0.2622)  LR: 5.500e-05
2025-11-24 03:54:57,583 - train - INFO - Train: 1 [ 250/391 ( 64%)]  Loss:  0.265978 (0.2511)  LR: 5.500e-05
2025-11-24 03:55:05,410 - train - INFO - Train: 1 [ 300/391 ( 77%)]  Loss:  0.150115 (0.2396)  LR: 5.500e-05
2025-11-24 03:55:18,432 - train - INFO - Train: 1 [ 350/391 ( 90%)]  Loss:  0.155149 (0.2311)  LR: 5.500e-05
2025-11-24 03:55:30,978 - train - INFO - Train: 1 [ 390/391 (100%)]  Loss:  0.240258 (0.2250)  LR: 5.500e-05
2025-11-24 03:55:31,617 - train - INFO - Test: [   0/78]  Time: 0.553 (0.553)  Loss:  0.1994 (0.1994)  Acc@1: 91.4062 (91.4062)  Acc@5: 100.0000 (100.0000)
2025-11-24 03:55:37,395 - train - INFO - Test: [  50/78]  Time: 0.118 (0.124)  Loss:  0.1334 (0.1581)  Acc@1: 96.0938 (95.0214)  Acc@5: 100.0000 (99.9694)
2025-11-24 03:55:40,551 - train - INFO - Test: [  78/78]  Time: 0.020 (0.120)  Loss:  0.0331 (0.1579)  Acc@1: 100.0000 (94.7400)  Acc@5: 100.0000 (99.9500)
2025-11-24 03:55:41,453 - train - INFO - Saved best checkpoint at epoch 1 with accuracy 94.7400
2025-11-24 03:55:42,295 - train - INFO - Train: 2 [   0/391 (  0%)]  Loss:  0.106675 (0.1067)  LR: 9.758e-05
2025-11-24 03:55:58,124 - train - INFO - Train: 2 [  50/391 ( 13%)]  Loss:  0.186154 (0.1867)  LR: 9.758e-05
2025-11-24 03:56:13,945 - train - INFO - Train: 2 [ 100/391 ( 26%)]  Loss:  0.253993 (0.1786)  LR: 9.758e-05
2025-11-24 03:56:29,799 - train - INFO - Train: 2 [ 150/391 ( 38%)]  Loss:  0.146630 (0.1712)  LR: 9.758e-05
2025-11-24 03:56:45,615 - train - INFO - Train: 2 [ 200/391 ( 51%)]  Loss:  0.082158 (0.1690)  LR: 9.758e-05
2025-11-24 03:57:01,454 - train - INFO - Train: 2 [ 250/391 ( 64%)]  Loss:  0.175202 (0.1654)  LR: 9.758e-05
2025-11-24 03:57:17,286 - train - INFO - Train: 2 [ 300/391 ( 77%)]  Loss:  0.243744 (0.1608)  LR: 9.758e-05
2025-11-24 03:57:33,121 - train - INFO - Train: 2 [ 350/391 ( 90%)]  Loss:  0.178404 (0.1586)  LR: 9.758e-05
2025-11-24 03:57:45,654 - train - INFO - Train: 2 [ 390/391 (100%)]  Loss:  0.122798 (0.1581)  LR: 9.758e-05
2025-11-24 03:57:46,301 - train - INFO - Test: [   0/78]  Time: 0.563 (0.563)  Loss:  0.1955 (0.1955)  Acc@1: 92.1875 (92.1875)  Acc@5: 100.0000 (100.0000)
2025-11-24 03:57:52,095 - train - INFO - Test: [  50/78]  Time: 0.116 (0.125)  Loss:  0.1154 (0.1480)  Acc@1: 98.4375 (95.2053)  Acc@5: 100.0000 (99.9540)
2025-11-24 03:57:55,243 - train - INFO - Test: [  78/78]  Time: 0.020 (0.120)  Loss:  0.0227 (0.1415)  Acc@1: 100.0000 (95.4500)  Acc@5: 100.0000 (99.9300)
2025-11-24 03:57:56,162 - train - INFO - Saved best checkpoint at epoch 2 with accuracy 95.4500
2025-11-24 03:57:56,979 - train - INFO - Train: 3 [   0/391 (  0%)]  Loss:  0.140943 (0.1409)  LR: 9.460e-05
2025-11-24 03:58:12,798 - train - INFO - Train: 3 [  50/391 ( 13%)]  Loss:  0.101479 (0.0976)  LR: 9.460e-05
2025-11-24 03:58:28,640 - train - INFO - Train: 3 [ 100/391 ( 26%)]  Loss:  0.072446 (0.0974)  LR: 9.460e-05
2025-11-24 03:58:44,477 - train - INFO - Train: 3 [ 150/391 ( 38%)]  Loss:  0.089682 (0.0955)  LR: 9.460e-05
2025-11-24 03:59:00,270 - train - INFO - Train: 3 [ 200/391 ( 51%)]  Loss:  0.102179 (0.0970)  LR: 9.460e-05
2025-11-24 03:59:16,080 - train - INFO - Train: 3 [ 250/391 ( 64%)]  Loss:  0.079058 (0.0962)  LR: 9.460e-05
2025-11-24 03:59:31,894 - train - INFO - Train: 3 [ 300/391 ( 77%)]  Loss:  0.075976 (0.0977)  LR: 9.460e-05
2025-11-24 03:59:47,716 - train - INFO - Train: 3 [ 350/391 ( 90%)]  Loss:  0.095439 (0.0985)  LR: 9.460e-05
2025-11-24 03:59:55,862 - train - INFO - Train: 3 [ 390/391 (100%)]  Loss:  0.142476 (0.0995)  LR: 9.460e-05
2025-11-24 03:59:56,426 - train - INFO - Test: [   0/78]  Time: 0.489 (0.489)  Loss:  0.1543 (0.1543)  Acc@1: 95.3125 (95.3125)  Acc@5: 100.0000 (100.0000)
2025-11-24 03:59:59,373 - train - INFO - Test: [  50/78]  Time: 0.054 (0.067)  Loss:  0.1808 (0.1541)  Acc@1: 93.7500 (94.8529)  Acc@5: 100.0000 (99.9540)
2025-11-24 04:00:01,017 - train - INFO - Test: [  78/78]  Time: 0.009 (0.064)  Loss:  0.0689 (0.1469)  Acc@1: 100.0000 (95.1400)  Acc@5: 100.0000 (99.9600)
2025-11-24 04:00:01,707 - train - INFO - Train: 4 [   0/391 (  0%)]  Loss:  0.101751 (0.1018)  LR: 9.055e-05
2025-11-24 04:00:09,027 - train - INFO - Train: 4 [  50/391 ( 13%)]  Loss:  0.024941 (0.0615)  LR: 9.055e-05
2025-11-24 04:00:16,387 - train - INFO - Train: 4 [ 100/391 ( 26%)]  Loss:  0.077088 (0.0659)  LR: 9.055e-05
2025-11-24 04:00:23,756 - train - INFO - Train: 4 [ 150/391 ( 38%)]  Loss:  0.157070 (0.0640)  LR: 9.055e-05
2025-11-24 04:00:31,085 - train - INFO - Train: 4 [ 200/391 ( 51%)]  Loss:  0.120883 (0.0660)  LR: 9.055e-05
2025-11-24 04:00:38,419 - train - INFO - Train: 4 [ 250/391 ( 64%)]  Loss:  0.088788 (0.0655)  LR: 9.055e-05
2025-11-24 04:00:45,756 - train - INFO - Train: 4 [ 300/391 ( 77%)]  Loss:  0.142507 (0.0675)  LR: 9.055e-05
2025-11-24 04:00:53,112 - train - INFO - Train: 4 [ 350/391 ( 90%)]  Loss:  0.066739 (0.0699)  LR: 9.055e-05
2025-11-24 04:00:58,938 - train - INFO - Train: 4 [ 390/391 (100%)]  Loss:  0.099667 (0.0718)  LR: 9.055e-05
2025-11-24 04:00:59,572 - train - INFO - Test: [   0/78]  Time: 0.561 (0.561)  Loss:  0.1916 (0.1916)  Acc@1: 93.7500 (93.7500)  Acc@5: 100.0000 (100.0000)
2025-11-24 04:01:02,310 - train - INFO - Test: [  50/78]  Time: 0.055 (0.065)  Loss:  0.0794 (0.1335)  Acc@1: 98.4375 (95.9252)  Acc@5: 100.0000 (99.9387)
2025-11-24 04:01:03,783 - train - INFO - Test: [  78/78]  Time: 0.009 (0.060)  Loss:  0.0056 (0.1371)  Acc@1: 100.0000 (95.8200)  Acc@5: 100.0000 (99.9100)
2025-11-24 04:01:05,082 - train - INFO - Saved best checkpoint at epoch 4 with accuracy 95.8200
2025-11-24 04:01:05,711 - train - INFO - Train: 5 [   0/391 (  0%)]  Loss:  0.098456 (0.0985)  LR: 8.550e-05
2025-11-24 04:01:13,033 - train - INFO - Train: 5 [  50/391 ( 13%)]  Loss:  0.058856 (0.0520)  LR: 8.550e-05
2025-11-24 04:01:20,370 - train - INFO - Train: 5 [ 100/391 ( 26%)]  Loss:  0.037780 (0.0554)  LR: 8.550e-05
2025-11-24 04:01:27,689 - train - INFO - Train: 5 [ 150/391 ( 38%)]  Loss:  0.033655 (0.0549)  LR: 8.550e-05
2025-11-24 04:01:35,004 - train - INFO - Train: 5 [ 200/391 ( 51%)]  Loss:  0.105071 (0.0559)  LR: 8.550e-05
2025-11-24 04:01:42,331 - train - INFO - Train: 5 [ 250/391 ( 64%)]  Loss:  0.099219 (0.0569)  LR: 8.550e-05
2025-11-24 04:01:49,661 - train - INFO - Train: 5 [ 300/391 ( 77%)]  Loss:  0.011511 (0.0563)  LR: 8.550e-05
2025-11-24 04:01:56,986 - train - INFO - Train: 5 [ 350/391 ( 90%)]  Loss:  0.097864 (0.0557)  LR: 8.550e-05
2025-11-24 04:02:02,815 - train - INFO - Train: 5 [ 390/391 (100%)]  Loss:  0.010775 (0.0548)  LR: 8.550e-05
2025-11-24 04:02:03,431 - train - INFO - Test: [   0/78]  Time: 0.544 (0.544)  Loss:  0.1892 (0.1892)  Acc@1: 92.9688 (92.9688)  Acc@5: 100.0000 (100.0000)
2025-11-24 04:02:06,362 - train - INFO - Test: [  50/78]  Time: 0.054 (0.068)  Loss:  0.0788 (0.1460)  Acc@1: 97.6562 (95.6495)  Acc@5: 100.0000 (99.9540)
2025-11-24 04:02:07,946 - train - INFO - Test: [  78/78]  Time: 0.009 (0.064)  Loss:  0.0123 (0.1478)  Acc@1: 100.0000 (95.7000)  Acc@5: 100.0000 (99.9300)
2025-11-24 04:02:08,613 - train - INFO - Train: 6 [   0/391 (  0%)]  Loss:  0.008492 (0.0085)  LR: 7.960e-05
2025-11-24 04:02:15,987 - train - INFO - Train: 6 [  50/391 ( 13%)]  Loss:  0.026753 (0.0375)  LR: 7.960e-05
2025-11-24 04:02:23,348 - train - INFO - Train: 6 [ 100/391 ( 26%)]  Loss:  0.039877 (0.0350)  LR: 7.960e-05
2025-11-24 04:02:30,678 - train - INFO - Train: 6 [ 150/391 ( 38%)]  Loss:  0.042349 (0.0362)  LR: 7.960e-05
2025-11-24 04:02:38,010 - train - INFO - Train: 6 [ 200/391 ( 51%)]  Loss:  0.020394 (0.0369)  LR: 7.960e-05
2025-11-24 04:02:45,341 - train - INFO - Train: 6 [ 250/391 ( 64%)]  Loss:  0.034397 (0.0368)  LR: 7.960e-05
2025-11-24 04:02:52,684 - train - INFO - Train: 6 [ 300/391 ( 77%)]  Loss:  0.084643 (0.0386)  LR: 7.960e-05
2025-11-24 04:03:00,022 - train - INFO - Train: 6 [ 350/391 ( 90%)]  Loss:  0.072933 (0.0398)  LR: 7.960e-05
2025-11-24 04:03:05,848 - train - INFO - Train: 6 [ 390/391 (100%)]  Loss:  0.054933 (0.0406)  LR: 7.960e-05
2025-11-24 04:03:06,516 - train - INFO - Test: [   0/78]  Time: 0.588 (0.588)  Loss:  0.1846 (0.1846)  Acc@1: 95.3125 (95.3125)  Acc@5: 100.0000 (100.0000)
2025-11-24 04:03:09,416 - train - INFO - Test: [  50/78]  Time: 0.054 (0.068)  Loss:  0.0913 (0.1394)  Acc@1: 96.8750 (95.9252)  Acc@5: 100.0000 (99.9540)
2025-11-24 04:03:11,086 - train - INFO - Test: [  78/78]  Time: 0.009 (0.065)  Loss:  0.0087 (0.1344)  Acc@1: 100.0000 (96.1000)  Acc@5: 100.0000 (99.9500)
2025-11-24 04:03:12,396 - train - INFO - Saved best checkpoint at epoch 6 with accuracy 96.1000
2025-11-24 04:03:13,103 - train - INFO - Train: 7 [   0/391 (  0%)]  Loss:  0.051186 (0.0512)  LR: 7.297e-05
2025-11-24 04:03:20,419 - train - INFO - Train: 7 [  50/391 ( 13%)]  Loss:  0.035837 (0.0371)  LR: 7.297e-05
2025-11-24 04:03:27,732 - train - INFO - Train: 7 [ 100/391 ( 26%)]  Loss:  0.038756 (0.0331)  LR: 7.297e-05
2025-11-24 04:03:35,050 - train - INFO - Train: 7 [ 150/391 ( 38%)]  Loss:  0.022149 (0.0331)  LR: 7.297e-05
2025-11-24 04:03:42,366 - train - INFO - Train: 7 [ 200/391 ( 51%)]  Loss:  0.018359 (0.0321)  LR: 7.297e-05
2025-11-24 04:03:49,685 - train - INFO - Train: 7 [ 250/391 ( 64%)]  Loss:  0.023099 (0.0328)  LR: 7.297e-05
2025-11-24 04:03:56,999 - train - INFO - Train: 7 [ 300/391 ( 77%)]  Loss:  0.009192 (0.0324)  LR: 7.297e-05
2025-11-24 04:04:04,356 - train - INFO - Train: 7 [ 350/391 ( 90%)]  Loss:  0.059000 (0.0337)  LR: 7.297e-05
2025-11-24 04:04:10,176 - train - INFO - Train: 7 [ 390/391 (100%)]  Loss:  0.015593 (0.0340)  LR: 7.297e-05
2025-11-24 04:04:10,826 - train - INFO - Test: [   0/78]  Time: 0.579 (0.579)  Loss:  0.1094 (0.1094)  Acc@1: 96.0938 (96.0938)  Acc@5: 100.0000 (100.0000)
2025-11-24 04:04:13,543 - train - INFO - Test: [  50/78]  Time: 0.054 (0.065)  Loss:  0.0810 (0.1280)  Acc@1: 96.8750 (96.1091)  Acc@5: 100.0000 (99.9387)
2025-11-24 04:04:15,018 - train - INFO - Test: [  78/78]  Time: 0.009 (0.060)  Loss:  0.0053 (0.1289)  Acc@1: 100.0000 (96.1600)  Acc@5: 100.0000 (99.9300)
2025-11-24 04:04:16,387 - train - INFO - Saved best checkpoint at epoch 7 with accuracy 96.1600
2025-11-24 04:04:17,024 - train - INFO - Train: 8 [   0/391 (  0%)]  Loss:  0.006356 (0.0064)  LR: 6.580e-05
2025-11-24 04:04:24,348 - train - INFO - Train: 8 [  50/391 ( 13%)]  Loss:  0.014032 (0.0261)  LR: 6.580e-05
2025-11-24 04:04:31,673 - train - INFO - Train: 8 [ 100/391 ( 26%)]  Loss:  0.029920 (0.0231)  LR: 6.580e-05
2025-11-24 04:04:39,003 - train - INFO - Train: 8 [ 150/391 ( 38%)]  Loss:  0.007608 (0.0239)  LR: 6.580e-05
2025-11-24 04:04:46,330 - train - INFO - Train: 8 [ 200/391 ( 51%)]  Loss:  0.020472 (0.0244)  LR: 6.580e-05
2025-11-24 04:04:53,672 - train - INFO - Train: 8 [ 250/391 ( 64%)]  Loss:  0.006188 (0.0240)  LR: 6.580e-05
2025-11-24 04:05:01,004 - train - INFO - Train: 8 [ 300/391 ( 77%)]  Loss:  0.020874 (0.0245)  LR: 6.580e-05
2025-11-24 04:05:08,336 - train - INFO - Train: 8 [ 350/391 ( 90%)]  Loss:  0.036154 (0.0249)  LR: 6.580e-05
2025-11-24 04:05:14,168 - train - INFO - Train: 8 [ 390/391 (100%)]  Loss:  0.018915 (0.0251)  LR: 6.580e-05
2025-11-24 04:05:14,819 - train - INFO - Test: [   0/78]  Time: 0.582 (0.582)  Loss:  0.2086 (0.2086)  Acc@1: 94.5312 (94.5312)  Acc@5: 100.0000 (100.0000)
2025-11-24 04:05:17,533 - train - INFO - Test: [  50/78]  Time: 0.054 (0.065)  Loss:  0.0986 (0.1221)  Acc@1: 96.8750 (96.3388)  Acc@5: 100.0000 (99.9847)
2025-11-24 04:05:19,006 - train - INFO - Test: [  78/78]  Time: 0.009 (0.060)  Loss:  0.0007 (0.1322)  Acc@1: 100.0000 (96.2300)  Acc@5: 100.0000 (99.9500)
2025-11-24 04:05:20,323 - train - INFO - Saved best checkpoint at epoch 8 with accuracy 96.2300
2025-11-24 04:05:20,985 - train - INFO - Train: 9 [   0/391 (  0%)]  Loss:  0.030316 (0.0303)  LR: 5.824e-05
2025-11-24 04:05:28,301 - train - INFO - Train: 9 [  50/391 ( 13%)]  Loss:  0.002481 (0.0184)  LR: 5.824e-05
2025-11-24 04:05:35,620 - train - INFO - Train: 9 [ 100/391 ( 26%)]  Loss:  0.010743 (0.0161)  LR: 5.824e-05
2025-11-24 04:05:42,955 - train - INFO - Train: 9 [ 150/391 ( 38%)]  Loss:  0.012237 (0.0155)  LR: 5.824e-05
2025-11-24 04:05:50,295 - train - INFO - Train: 9 [ 200/391 ( 51%)]  Loss:  0.007145 (0.0180)  LR: 5.824e-05
2025-11-24 04:05:57,652 - train - INFO - Train: 9 [ 250/391 ( 64%)]  Loss:  0.009410 (0.0200)  LR: 5.824e-05
2025-11-24 04:06:04,993 - train - INFO - Train: 9 [ 300/391 ( 77%)]  Loss:  0.019942 (0.0201)  LR: 5.824e-05
2025-11-24 04:06:12,331 - train - INFO - Train: 9 [ 350/391 ( 90%)]  Loss:  0.053735 (0.0191)  LR: 5.824e-05
2025-11-24 04:06:18,162 - train - INFO - Train: 9 [ 390/391 (100%)]  Loss:  0.020858 (0.0198)  LR: 5.824e-05
2025-11-24 04:06:18,842 - train - INFO - Test: [   0/78]  Time: 0.608 (0.608)  Loss:  0.1261 (0.1261)  Acc@1: 96.0938 (96.0938)  Acc@5: 100.0000 (100.0000)
2025-11-24 04:06:21,556 - train - INFO - Test: [  50/78]  Time: 0.054 (0.065)  Loss:  0.0374 (0.1279)  Acc@1: 98.4375 (96.4920)  Acc@5: 100.0000 (99.9081)
2025-11-24 04:06:23,050 - train - INFO - Test: [  78/78]  Time: 0.009 (0.061)  Loss:  0.0021 (0.1334)  Acc@1: 100.0000 (96.3800)  Acc@5: 100.0000 (99.9200)
2025-11-24 04:06:24,419 - train - INFO - Saved best checkpoint at epoch 9 with accuracy 96.3800
2025-11-24 04:06:25,080 - train - INFO - Train: 10 [   0/391 (  0%)]  Loss:  0.039112 (0.0391)  LR: 5.050e-05
2025-11-24 04:06:32,398 - train - INFO - Train: 10 [  50/391 ( 13%)]  Loss:  0.032990 (0.0125)  LR: 5.050e-05
2025-11-24 04:06:39,714 - train - INFO - Train: 10 [ 100/391 ( 26%)]  Loss:  0.038130 (0.0123)  LR: 5.050e-05
2025-11-24 04:06:47,052 - train - INFO - Train: 10 [ 150/391 ( 38%)]  Loss:  0.019775 (0.0122)  LR: 5.050e-05
2025-11-24 04:06:54,382 - train - INFO - Train: 10 [ 200/391 ( 51%)]  Loss:  0.004065 (0.0128)  LR: 5.050e-05
2025-11-24 04:07:01,712 - train - INFO - Train: 10 [ 250/391 ( 64%)]  Loss:  0.046737 (0.0136)  LR: 5.050e-05
2025-11-24 04:07:09,040 - train - INFO - Train: 10 [ 300/391 ( 77%)]  Loss:  0.007616 (0.0153)  LR: 5.050e-05
2025-11-24 04:07:16,381 - train - INFO - Train: 10 [ 350/391 ( 90%)]  Loss:  0.011330 (0.0157)  LR: 5.050e-05
2025-11-24 04:07:22,214 - train - INFO - Train: 10 [ 390/391 (100%)]  Loss:  0.086918 (0.0160)  LR: 5.050e-05
2025-11-24 04:07:22,839 - train - INFO - Test: [   0/78]  Time: 0.542 (0.542)  Loss:  0.2059 (0.2059)  Acc@1: 94.5312 (94.5312)  Acc@5: 100.0000 (100.0000)
2025-11-24 04:07:25,563 - train - INFO - Test: [  50/78]  Time: 0.054 (0.064)  Loss:  0.0499 (0.1184)  Acc@1: 97.6562 (96.7984)  Acc@5: 100.0000 (99.9234)
2025-11-24 04:07:27,036 - train - INFO - Test: [  78/78]  Time: 0.009 (0.060)  Loss:  0.0025 (0.1264)  Acc@1: 100.0000 (96.6300)  Acc@5: 100.0000 (99.9200)
2025-11-24 04:07:28,382 - train - INFO - Saved best checkpoint at epoch 10 with accuracy 96.6300
2025-11-24 04:07:29,004 - train - INFO - Train: 11 [   0/391 (  0%)]  Loss:  0.019772 (0.0198)  LR: 4.276e-05
2025-11-24 04:07:36,332 - train - INFO - Train: 11 [  50/391 ( 13%)]  Loss:  0.053969 (0.0148)  LR: 4.276e-05
2025-11-24 04:07:43,656 - train - INFO - Train: 11 [ 100/391 ( 26%)]  Loss:  0.007645 (0.0138)  LR: 4.276e-05
2025-11-24 04:07:50,973 - train - INFO - Train: 11 [ 150/391 ( 38%)]  Loss:  0.014189 (0.0140)  LR: 4.276e-05
2025-11-24 04:07:58,303 - train - INFO - Train: 11 [ 200/391 ( 51%)]  Loss:  0.000845 (0.0122)  LR: 4.276e-05
2025-11-24 04:08:05,630 - train - INFO - Train: 11 [ 250/391 ( 64%)]  Loss:  0.002804 (0.0115)  LR: 4.276e-05
2025-11-24 04:08:12,960 - train - INFO - Train: 11 [ 300/391 ( 77%)]  Loss:  0.005044 (0.0108)  LR: 4.276e-05
2025-11-24 04:08:20,291 - train - INFO - Train: 11 [ 350/391 ( 90%)]  Loss:  0.000502 (0.0104)  LR: 4.276e-05
2025-11-24 04:08:26,123 - train - INFO - Train: 11 [ 390/391 (100%)]  Loss:  0.001203 (0.0103)  LR: 4.276e-05
2025-11-24 04:08:26,773 - train - INFO - Test: [   0/78]  Time: 0.582 (0.582)  Loss:  0.1795 (0.1795)  Acc@1: 96.0938 (96.0938)  Acc@5: 100.0000 (100.0000)
2025-11-24 04:08:29,492 - train - INFO - Test: [  50/78]  Time: 0.054 (0.065)  Loss:  0.0674 (0.1216)  Acc@1: 96.8750 (96.7525)  Acc@5: 100.0000 (99.9694)
2025-11-24 04:08:30,966 - train - INFO - Test: [  78/78]  Time: 0.009 (0.060)  Loss:  0.0033 (0.1260)  Acc@1: 100.0000 (96.7200)  Acc@5: 100.0000 (99.9600)
2025-11-24 04:08:32,328 - train - INFO - Saved best checkpoint at epoch 11 with accuracy 96.7200
2025-11-24 04:08:32,948 - train - INFO - Train: 12 [   0/391 (  0%)]  Loss:  0.009183 (0.0092)  LR: 3.520e-05
2025-11-24 04:08:40,265 - train - INFO - Train: 12 [  50/391 ( 13%)]  Loss:  0.011275 (0.0066)  LR: 3.520e-05
2025-11-24 04:08:47,607 - train - INFO - Train: 12 [ 100/391 ( 26%)]  Loss:  0.002550 (0.0060)  LR: 3.520e-05
2025-11-24 04:08:54,937 - train - INFO - Train: 12 [ 150/391 ( 38%)]  Loss:  0.023750 (0.0057)  LR: 3.520e-05
2025-11-24 04:09:02,272 - train - INFO - Train: 12 [ 200/391 ( 51%)]  Loss:  0.016599 (0.0068)  LR: 3.520e-05
2025-11-24 04:09:09,680 - train - INFO - Train: 12 [ 250/391 ( 64%)]  Loss:  0.000864 (0.0069)  LR: 3.520e-05
2025-11-24 04:09:17,058 - train - INFO - Train: 12 [ 300/391 ( 77%)]  Loss:  0.001315 (0.0067)  LR: 3.520e-05
2025-11-24 04:09:24,397 - train - INFO - Train: 12 [ 350/391 ( 90%)]  Loss:  0.005707 (0.0069)  LR: 3.520e-05
2025-11-24 04:09:30,232 - train - INFO - Train: 12 [ 390/391 (100%)]  Loss:  0.007099 (0.0069)  LR: 3.520e-05
2025-11-24 04:09:30,904 - train - INFO - Test: [   0/78]  Time: 0.586 (0.586)  Loss:  0.1833 (0.1833)  Acc@1: 94.5312 (94.5312)  Acc@5: 100.0000 (100.0000)
2025-11-24 04:09:33,627 - train - INFO - Test: [  50/78]  Time: 0.054 (0.065)  Loss:  0.0546 (0.1252)  Acc@1: 98.4375 (96.7831)  Acc@5: 100.0000 (99.9694)
2025-11-24 04:09:35,105 - train - INFO - Test: [  78/78]  Time: 0.009 (0.061)  Loss:  0.0040 (0.1300)  Acc@1: 100.0000 (96.7300)  Acc@5: 100.0000 (99.9500)
2025-11-24 04:09:35,969 - train - INFO - Saved best checkpoint at epoch 12 with accuracy 96.7300
2025-11-24 04:09:36,590 - train - INFO - Train: 13 [   0/391 (  0%)]  Loss:  0.001570 (0.0016)  LR: 2.803e-05
2025-11-24 04:09:43,924 - train - INFO - Train: 13 [  50/391 ( 13%)]  Loss:  0.000445 (0.0059)  LR: 2.803e-05
2025-11-24 04:09:51,256 - train - INFO - Train: 13 [ 100/391 ( 26%)]  Loss:  0.001095 (0.0050)  LR: 2.803e-05
2025-11-24 04:09:58,592 - train - INFO - Train: 13 [ 150/391 ( 38%)]  Loss:  0.000726 (0.0053)  LR: 2.803e-05
2025-11-24 04:10:05,971 - train - INFO - Train: 13 [ 200/391 ( 51%)]  Loss:  0.005040 (0.0047)  LR: 2.803e-05
2025-11-24 04:10:13,335 - train - INFO - Train: 13 [ 250/391 ( 64%)]  Loss:  0.001437 (0.0048)  LR: 2.803e-05
2025-11-24 04:10:20,680 - train - INFO - Train: 13 [ 300/391 ( 77%)]  Loss:  0.000360 (0.0043)  LR: 2.803e-05
2025-11-24 04:10:28,033 - train - INFO - Train: 13 [ 350/391 ( 90%)]  Loss:  0.000914 (0.0040)  LR: 2.803e-05
2025-11-24 04:10:33,858 - train - INFO - Train: 13 [ 390/391 (100%)]  Loss:  0.008832 (0.0039)  LR: 2.803e-05
2025-11-24 04:10:34,422 - train - INFO - Test: [   0/78]  Time: 0.498 (0.498)  Loss:  0.1825 (0.1825)  Acc@1: 96.8750 (96.8750)  Acc@5: 100.0000 (100.0000)
2025-11-24 04:10:37,453 - train - INFO - Test: [  50/78]  Time: 0.054 (0.069)  Loss:  0.0533 (0.1201)  Acc@1: 99.2188 (97.1967)  Acc@5: 100.0000 (99.9540)
2025-11-24 04:10:39,096 - train - INFO - Test: [  78/78]  Time: 0.009 (0.065)  Loss:  0.0015 (0.1201)  Acc@1: 100.0000 (97.1400)  Acc@5: 100.0000 (99.9500)
2025-11-24 04:10:40,474 - train - INFO - Saved best checkpoint at epoch 13 with accuracy 97.1400
2025-11-24 04:10:41,143 - train - INFO - Train: 14 [   0/391 (  0%)]  Loss:  0.001199 (0.0012)  LR: 2.140e-05
2025-11-24 04:10:48,489 - train - INFO - Train: 14 [  50/391 ( 13%)]  Loss:  0.034462 (0.0038)  LR: 2.140e-05
2025-11-24 04:10:55,815 - train - INFO - Train: 14 [ 100/391 ( 26%)]  Loss:  0.000998 (0.0034)  LR: 2.140e-05
2025-11-24 04:11:03,142 - train - INFO - Train: 14 [ 150/391 ( 38%)]  Loss:  0.000388 (0.0031)  LR: 2.140e-05
2025-11-24 04:11:10,471 - train - INFO - Train: 14 [ 200/391 ( 51%)]  Loss:  0.000479 (0.0029)  LR: 2.140e-05
2025-11-24 04:11:17,797 - train - INFO - Train: 14 [ 250/391 ( 64%)]  Loss:  0.000830 (0.0027)  LR: 2.140e-05
2025-11-24 04:11:25,136 - train - INFO - Train: 14 [ 300/391 ( 77%)]  Loss:  0.000913 (0.0027)  LR: 2.140e-05
2025-11-24 04:11:32,479 - train - INFO - Train: 14 [ 350/391 ( 90%)]  Loss:  0.000568 (0.0028)  LR: 2.140e-05
2025-11-24 04:11:38,305 - train - INFO - Train: 14 [ 390/391 (100%)]  Loss:  0.016575 (0.0027)  LR: 2.140e-05
2025-11-24 04:11:38,866 - train - INFO - Test: [   0/78]  Time: 0.493 (0.493)  Loss:  0.1300 (0.1300)  Acc@1: 97.6562 (97.6562)  Acc@5: 100.0000 (100.0000)
2025-11-24 04:11:41,811 - train - INFO - Test: [  50/78]  Time: 0.054 (0.067)  Loss:  0.0337 (0.1163)  Acc@1: 99.2188 (97.2733)  Acc@5: 100.0000 (99.9540)
2025-11-24 04:11:43,428 - train - INFO - Test: [  78/78]  Time: 0.009 (0.064)  Loss:  0.0039 (0.1199)  Acc@1: 100.0000 (97.2200)  Acc@5: 100.0000 (99.9200)
2025-11-24 04:11:44,792 - train - INFO - Saved best checkpoint at epoch 14 with accuracy 97.2200
2025-11-24 04:11:45,517 - train - INFO - Train: 15 [   0/391 (  0%)]  Loss:  0.000451 (0.0005)  LR: 1.550e-05
2025-11-24 04:11:52,857 - train - INFO - Train: 15 [  50/391 ( 13%)]  Loss:  0.001268 (0.0015)  LR: 1.550e-05
2025-11-24 04:12:00,190 - train - INFO - Train: 15 [ 100/391 ( 26%)]  Loss:  0.000935 (0.0017)  LR: 1.550e-05
2025-11-24 04:12:07,528 - train - INFO - Train: 15 [ 150/391 ( 38%)]  Loss:  0.000388 (0.0017)  LR: 1.550e-05
2025-11-24 04:12:14,850 - train - INFO - Train: 15 [ 200/391 ( 51%)]  Loss:  0.000391 (0.0020)  LR: 1.550e-05
2025-11-24 04:12:22,183 - train - INFO - Train: 15 [ 250/391 ( 64%)]  Loss:  0.001235 (0.0022)  LR: 1.550e-05
2025-11-24 04:12:29,514 - train - INFO - Train: 15 [ 300/391 ( 77%)]  Loss:  0.000640 (0.0023)  LR: 1.550e-05
2025-11-24 04:12:36,840 - train - INFO - Train: 15 [ 350/391 ( 90%)]  Loss:  0.001087 (0.0022)  LR: 1.550e-05
2025-11-24 04:12:42,678 - train - INFO - Train: 15 [ 390/391 (100%)]  Loss:  0.003571 (0.0023)  LR: 1.550e-05
2025-11-24 04:12:43,242 - train - INFO - Test: [   0/78]  Time: 0.497 (0.497)  Loss:  0.0980 (0.0980)  Acc@1: 97.6562 (97.6562)  Acc@5: 100.0000 (100.0000)
2025-11-24 04:12:46,265 - train - INFO - Test: [  50/78]  Time: 0.054 (0.069)  Loss:  0.0527 (0.1164)  Acc@1: 98.4375 (97.2273)  Acc@5: 100.0000 (99.9387)
2025-11-24 04:12:47,818 - train - INFO - Test: [  78/78]  Time: 0.009 (0.064)  Loss:  0.0063 (0.1209)  Acc@1: 100.0000 (97.2400)  Acc@5: 100.0000 (99.9400)
2025-11-24 04:12:49,146 - train - INFO - Saved best checkpoint at epoch 15 with accuracy 97.2400
2025-11-24 04:12:49,784 - train - INFO - Train: 16 [   0/391 (  0%)]  Loss:  0.000918 (0.0009)  LR: 1.045e-05
2025-11-24 04:12:57,108 - train - INFO - Train: 16 [  50/391 ( 13%)]  Loss:  0.002475 (0.0030)  LR: 1.045e-05
2025-11-24 04:13:04,444 - train - INFO - Train: 16 [ 100/391 ( 26%)]  Loss:  0.003707 (0.0027)  LR: 1.045e-05
2025-11-24 04:13:11,796 - train - INFO - Train: 16 [ 150/391 ( 38%)]  Loss:  0.000631 (0.0026)  LR: 1.045e-05
2025-11-24 04:13:19,150 - train - INFO - Train: 16 [ 200/391 ( 51%)]  Loss:  0.000327 (0.0023)  LR: 1.045e-05
2025-11-24 04:13:26,483 - train - INFO - Train: 16 [ 250/391 ( 64%)]  Loss:  0.000378 (0.0020)  LR: 1.045e-05
2025-11-24 04:13:33,834 - train - INFO - Train: 16 [ 300/391 ( 77%)]  Loss:  0.000247 (0.0019)  LR: 1.045e-05
2025-11-24 04:13:41,171 - train - INFO - Train: 16 [ 350/391 ( 90%)]  Loss:  0.000344 (0.0019)  LR: 1.045e-05
2025-11-24 04:13:46,995 - train - INFO - Train: 16 [ 390/391 (100%)]  Loss:  0.000545 (0.0018)  LR: 1.045e-05
2025-11-24 04:13:47,643 - train - INFO - Test: [   0/78]  Time: 0.577 (0.577)  Loss:  0.1446 (0.1446)  Acc@1: 97.6562 (97.6562)  Acc@5: 100.0000 (100.0000)
2025-11-24 04:13:50,533 - train - INFO - Test: [  50/78]  Time: 0.054 (0.068)  Loss:  0.0523 (0.1149)  Acc@1: 98.4375 (97.3805)  Acc@5: 100.0000 (99.9387)
2025-11-24 04:13:52,195 - train - INFO - Test: [  78/78]  Time: 0.009 (0.065)  Loss:  0.0014 (0.1185)  Acc@1: 100.0000 (97.2800)  Acc@5: 100.0000 (99.9200)
2025-11-24 04:13:53,630 - train - INFO - Saved best checkpoint at epoch 16 with accuracy 97.2800
2025-11-24 04:13:54,291 - train - INFO - Train: 17 [   0/391 (  0%)]  Loss:  0.000492 (0.0005)  LR: 6.395e-06
2025-11-24 04:14:01,637 - train - INFO - Train: 17 [  50/391 ( 13%)]  Loss:  0.000854 (0.0014)  LR: 6.395e-06
2025-11-24 04:14:08,956 - train - INFO - Train: 17 [ 100/391 ( 26%)]  Loss:  0.000192 (0.0012)  LR: 6.395e-06
2025-11-24 04:14:16,290 - train - INFO - Train: 17 [ 150/391 ( 38%)]  Loss:  0.000463 (0.0010)  LR: 6.395e-06
2025-11-24 04:14:23,611 - train - INFO - Train: 17 [ 200/391 ( 51%)]  Loss:  0.000281 (0.0012)  LR: 6.395e-06
2025-11-24 04:14:30,959 - train - INFO - Train: 17 [ 250/391 ( 64%)]  Loss:  0.000373 (0.0011)  LR: 6.395e-06
2025-11-24 04:14:38,342 - train - INFO - Train: 17 [ 300/391 ( 77%)]  Loss:  0.000336 (0.0011)  LR: 6.395e-06
2025-11-24 04:14:45,674 - train - INFO - Train: 17 [ 350/391 ( 90%)]  Loss:  0.000243 (0.0010)  LR: 6.395e-06
2025-11-24 04:14:51,505 - train - INFO - Train: 17 [ 390/391 (100%)]  Loss:  0.000227 (0.0011)  LR: 6.395e-06
2025-11-24 04:14:52,060 - train - INFO - Test: [   0/78]  Time: 0.482 (0.482)  Loss:  0.1214 (0.1214)  Acc@1: 97.6562 (97.6562)  Acc@5: 100.0000 (100.0000)
2025-11-24 04:14:55,151 - train - INFO - Test: [  50/78]  Time: 0.054 (0.070)  Loss:  0.0408 (0.1117)  Acc@1: 98.4375 (97.3652)  Acc@5: 100.0000 (99.9540)
2025-11-24 04:14:56,728 - train - INFO - Test: [  78/78]  Time: 0.009 (0.065)  Loss:  0.0020 (0.1170)  Acc@1: 100.0000 (97.3300)  Acc@5: 100.0000 (99.9300)
2025-11-24 04:14:58,019 - train - INFO - Saved best checkpoint at epoch 17 with accuracy 97.3300
2025-11-24 04:14:58,733 - train - INFO - Train: 18 [   0/391 (  0%)]  Loss:  0.000185 (0.0002)  LR: 3.423e-06
2025-11-24 04:15:06,096 - train - INFO - Train: 18 [  50/391 ( 13%)]  Loss:  0.000258 (0.0008)  LR: 3.423e-06
2025-11-24 04:15:13,423 - train - INFO - Train: 18 [ 100/391 ( 26%)]  Loss:  0.000160 (0.0008)  LR: 3.423e-06
2025-11-24 04:15:20,745 - train - INFO - Train: 18 [ 150/391 ( 38%)]  Loss:  0.001529 (0.0009)  LR: 3.423e-06
2025-11-24 04:15:28,067 - train - INFO - Train: 18 [ 200/391 ( 51%)]  Loss:  0.000527 (0.0008)  LR: 3.423e-06
2025-11-24 04:15:35,418 - train - INFO - Train: 18 [ 250/391 ( 64%)]  Loss:  0.000305 (0.0008)  LR: 3.423e-06
2025-11-24 04:15:42,743 - train - INFO - Train: 18 [ 300/391 ( 77%)]  Loss:  0.000115 (0.0008)  LR: 3.423e-06
2025-11-24 04:15:50,066 - train - INFO - Train: 18 [ 350/391 ( 90%)]  Loss:  0.000141 (0.0007)  LR: 3.423e-06
2025-11-24 04:15:55,893 - train - INFO - Train: 18 [ 390/391 (100%)]  Loss:  0.003562 (0.0008)  LR: 3.423e-06
2025-11-24 04:15:56,543 - train - INFO - Test: [   0/78]  Time: 0.549 (0.549)  Loss:  0.1171 (0.1171)  Acc@1: 97.6562 (97.6562)  Acc@5: 100.0000 (100.0000)
2025-11-24 04:15:59,458 - train - INFO - Test: [  50/78]  Time: 0.054 (0.068)  Loss:  0.0450 (0.1108)  Acc@1: 98.4375 (97.3805)  Acc@5: 100.0000 (99.9694)
2025-11-24 04:16:01,138 - train - INFO - Test: [  78/78]  Time: 0.009 (0.065)  Loss:  0.0023 (0.1171)  Acc@1: 100.0000 (97.3200)  Acc@5: 100.0000 (99.9500)
2025-11-24 04:16:01,869 - train - INFO - Train: 19 [   0/391 (  0%)]  Loss:  0.000321 (0.0003)  LR: 1.609e-06
2025-11-24 04:16:09,217 - train - INFO - Train: 19 [  50/391 ( 13%)]  Loss:  0.000532 (0.0004)  LR: 1.609e-06
2025-11-24 04:16:16,551 - train - INFO - Train: 19 [ 100/391 ( 26%)]  Loss:  0.000245 (0.0005)  LR: 1.609e-06
2025-11-24 04:16:23,896 - train - INFO - Train: 19 [ 150/391 ( 38%)]  Loss:  0.002966 (0.0006)  LR: 1.609e-06
2025-11-24 04:16:31,241 - train - INFO - Train: 19 [ 200/391 ( 51%)]  Loss:  0.001121 (0.0006)  LR: 1.609e-06
2025-11-24 04:16:38,572 - train - INFO - Train: 19 [ 250/391 ( 64%)]  Loss:  0.000305 (0.0006)  LR: 1.609e-06
2025-11-24 04:16:45,896 - train - INFO - Train: 19 [ 300/391 ( 77%)]  Loss:  0.000250 (0.0006)  LR: 1.609e-06
2025-11-24 04:16:53,237 - train - INFO - Train: 19 [ 350/391 ( 90%)]  Loss:  0.000360 (0.0006)  LR: 1.609e-06
2025-11-24 04:16:59,068 - train - INFO - Train: 19 [ 390/391 (100%)]  Loss:  0.000116 (0.0007)  LR: 1.609e-06
2025-11-24 04:16:59,681 - train - INFO - Test: [   0/78]  Time: 0.531 (0.531)  Loss:  0.1268 (0.1268)  Acc@1: 97.6562 (97.6562)  Acc@5: 100.0000 (100.0000)
2025-11-24 04:17:02,666 - train - INFO - Test: [  50/78]  Time: 0.054 (0.069)  Loss:  0.0427 (0.1094)  Acc@1: 98.4375 (97.3346)  Acc@5: 100.0000 (99.9540)
2025-11-24 04:17:04,296 - train - INFO - Test: [  78/78]  Time: 0.009 (0.065)  Loss:  0.0013 (0.1163)  Acc@1: 100.0000 (97.3300)  Acc@5: 100.0000 (99.9400)
2025-11-24 04:17:04,364 - train - INFO - *** Best metric: 97.33 (epoch 17)
